c:\users\alex\documents\visual studio 2015\projects\b_tree(not_qt)\b_tree(not_qt)\release\vc140.pdb
c:\users\alex\documents\visual studio 2015\projects\b_tree(not_qt)\b_tree(not_qt)\release\page.obj
c:\users\alex\documents\visual studio 2015\projects\b_tree(not_qt)\b_tree(not_qt)\release\main.obj
c:\users\alex\documents\visual studio 2015\projects\b_tree(not_qt)\b_tree(not_qt)\release\b_tree.obj
c:\users\alex\documents\visual studio 2015\projects\b_tree(not_qt)\release\b_tree(not_qt).exe
c:\users\alex\documents\visual studio 2015\projects\b_tree(not_qt)\release\b_tree(not_qt).ipdb
c:\users\alex\documents\visual studio 2015\projects\b_tree(not_qt)\release\b_tree(not_qt).iobj
c:\users\alex\documents\visual studio 2015\projects\b_tree(not_qt)\release\b_tree(not_qt).pdb
l:\b_tree_noqt\b_tree(not_qt)\release\b_tree.obj
l:\b_tree_noqt\b_tree(not_qt)\release\main.obj
l:\b_tree_noqt\b_tree(not_qt)\release\page.obj
l:\b_tree_noqt\b_tree(not_qt)\release\vc140.pdb
l:\b_tree_noqt\release\b_tree(not_qt).pdb
l:\b_tree_noqt\release\b_tree(not_qt).exe
l:\b_tree_noqt\b_tree(not_qt)\release\b_tree(not_qt).tlog\cl.command.1.tlog
l:\b_tree_noqt\b_tree(not_qt)\release\b_tree(not_qt).tlog\cl.read.1.tlog
l:\b_tree_noqt\b_tree(not_qt)\release\b_tree(not_qt).tlog\cl.write.1.tlog
l:\b_tree_noqt\b_tree(not_qt)\release\b_tree(not_qt).tlog\link.command.1.tlog
l:\b_tree_noqt\b_tree(not_qt)\release\b_tree(not_qt).tlog\link.read.1.tlog
l:\b_tree_noqt\b_tree(not_qt)\release\b_tree(not_qt).tlog\link.write.1.tlog
